2023-03-04 21:25:37.456600
2023-03-04 21:28:48.630791
puoi scrivermi un paio di righe di un testo argomentativo sui pro e i contro dell'uso di Flask per programmare web app?
Cosa mi consigli per sviluppare una desktop app in python?
Puoi farmi un progetto PyQt di un assistente vocale con la possibilità di avere sia input che output a scelta tra vocale e scritto
2023-03-04 21:35:49.480057
2023-03-04 21:44:31.993805
2023-03-05 11:34:02.502245
puoi aiutarmi con elettronica?
Puoi spiegarmi cos'è un transistor BJT?
raccontami qualcosa
sai dirmi sinteticamente cos'è un diodo
riassunto brevissimo di cosa si occupa l'elettronica
cosa fa un transistor bjt
cosa fa invece un mos?
cos'è il silicio drogato
puoi farmi una domanda di ripasso?
2023-03-05 14:36:04.665212
2023-03-05 14:38:10.127723
puoi fare un README per il seguente codice? import json
2023-03-05 14:55:37.568591
voglio far ignorare a git il file ./config/config.json
2023-03-05 15:35:50.751958
2023-03-05 15:50:48.972030
2023-03-05 15:51:43.604728
Aiutami con l'esame di comunicazioni numeriche
Voglio capire di che cosa si tratta innanzitutto
cos'è un segnale?
Segnali tipici e calcolo energetico.
che cos'è la trasformata serie di Fourier
 Definizione, segnali trasformabili.
 Definizione di probabilità: assiomatica (con proprietà derivate). classica (Pascal) e freqeuntista (Von Mises). Probabilità condizionata. Indipendenza tra eventi. Teorema di Bayes. Partizione di uno spazio campione. Teorema della probabilità totale. Esperimento aleatorio composto. Prove ripetute indipendenti. Bernoulliana.
2023-03-05 16:08:49.743131
2023-03-05 16:08:58.502244
2023-03-05 16:09:14.000878
2023-03-05 16:13:46.556232
fammi una panoramica del corso
2023-03-05 16:19:50.467795
quanto è importante lo studio della probabilità nel corso?
